
Дата и время: 2023-01-14 01:43:24.230477

Вызываем hello_world c аргументами () и {}

Возвращаемое значение:Hello World

Дата и время: 2023-01-14 01:43:24.231476

Вызываем summator c аргументами (2, 2) и {}

Возвращаемое значение:4

Дата и время: 2023-01-14 01:43:24.232464

Вызываем isinstance c аргументами (4, <class 'int'>) и {}

Возвращаемое значение:4

Дата и время: 2023-01-14 01:43:24.232464

Вызываем div c аргументами (6, 2) и {}

Возвращаемое значение:3.0

Дата и время: 2023-01-14 01:43:24.233463

Вызываем summator c аргументами (4.3,) и {'b': 2.2}

Возвращаемое значение:6.5

Дата и время: 2023-01-14 01:43:24.235469

Вызываем summator c аргументами () и {'a': 0, 'b': 0}

Возвращаемое значение:0
summator
4.3

2.2

6.5
